<html>
<body>
<pre>
<h1>Vision Build Log</h1>
<h2>Tool Versions:</h2>
IDE-Version: μVision V5.30.0.0
Copyright (C) 2020 ARM Ltd and ARM Germany GmbH. All rights reserved.
License Information: asd 郭子坤, asd, LIC=IK1BF-6A255-Y8AFK-ZCQK6-9IMF3-T55MJ
 
Tool Versions:
Toolchain:       MDK-ARM Plus  Version: 5.30.0.0
Toolchain Path:  D:\software\Keil\ARM\ARMCC\Bin
C Compiler:      Armcc.exe V5.06 update 6 (build 750)
Assembler:       Armasm.exe V5.06 update 6 (build 750)
Linker/Locator:  ArmLink.exe V5.06 update 6 (build 750)
Library Manager: ArmAr.exe V5.06 update 6 (build 750)
Hex Converter:   FromElf.exe V5.06 update 6 (build 750)
CPU DLL:         SARMCM3.DLL V5.30.0.0
Dialog DLL:      DCM.DLL V1.17.3.0
Target DLL:      STLink\ST-LINKIII-KEIL_SWO.dll V3.0.7.0
Dialog DLL:      TCM.DLL V1.42.0.0
 
<h2>Project:</h2>
D:\software\GIT\project\stm32\5_airTemp\Project.uvprojx
Project File Date:  09/11/2020

<h2>Output:</h2>
*** Using Compiler 'V5.06 update 6 (build 750)', folder: 'D:\software\Keil\ARM\ARMCC\Bin'
Build target 'STM32L476G-Discovery'
compiling stm32l4xx_hal.c...
..\APP\sensor\sensor_process.h(15): warning:  #1295-D: Deprecated declaration autosend - give arg types
  void autosend();
..\APP\sensor\sensor_process.h(18): warning:  #1295-D: Deprecated declaration Self_test - give arg types
  void Self_test();
..\APP\sensor\5_airTemp\AirT_Sensor.h(88): warning:  #1295-D: Deprecated declaration Init_sys_cfg - give arg types
  void Init_sys_cfg();
..\APP\sensor\5_airTemp\AirT_Hal.h(30): warning:  #1295-D: Deprecated declaration hal_sensor_init - give arg types
  extern void hal_sensor_init();
..\STM32L4xx_HAL_Driver\Inc\stm32l4xx_hal_flash.h(832): warning:  #47-D: incompatible redefinition of macro "FLASH_SIZE"  (declared at line 940 of "D:\software\Keil\Packs\Keil\STM32L4xx_DFP\2.3.0\Drivers\CMSIS\Device\ST\STM32L4xx\Include\stm32l431xx.h")
  #define FLASH_SIZE                         ((((*((uint16_t *)FLASH_SIZE_DATA_REGISTER)) == 0xFFFF)) ? (0x400 << 10) : \
..\STM32L4xx_HAL_Driver\Src\stm32l4xx_hal.c: 5 warnings, 0 errors
compiling system_stm32l4xx.c...
..\APP\sensor\sensor_process.h(15): warning:  #1295-D: Deprecated declaration autosend - give arg types
  void autosend();
..\APP\sensor\sensor_process.h(18): warning:  #1295-D: Deprecated declaration Self_test - give arg types
  void Self_test();
..\APP\sensor\5_airTemp\AirT_Sensor.h(88): warning:  #1295-D: Deprecated declaration Init_sys_cfg - give arg types
  void Init_sys_cfg();
..\APP\sensor\5_airTemp\AirT_Hal.h(30): warning:  #1295-D: Deprecated declaration hal_sensor_init - give arg types
  extern void hal_sensor_init();
..\STM32L4xx_HAL_Driver\Inc\stm32l4xx_hal_flash.h(832): warning:  #47-D: incompatible redefinition of macro "FLASH_SIZE"  (declared at line 940 of "D:\software\Keil\Packs\Keil\STM32L4xx_DFP\2.3.0\Drivers\CMSIS\Device\ST\STM32L4xx\Include\stm32l431xx.h")
  #define FLASH_SIZE                         ((((*((uint16_t *)FLASH_SIZE_DATA_REGISTER)) == 0xFFFF)) ? (0x400 << 10) : \
..\APP\system_stm32l4xx.c: 5 warnings, 0 errors
compiling spi.c...
..\APP\sensor\sensor_process.h(15): warning:  #1295-D: Deprecated declaration autosend - give arg types
  void autosend();
..\APP\sensor\sensor_process.h(18): warning:  #1295-D: Deprecated declaration Self_test - give arg types
  void Self_test();
..\APP\sensor\5_airTemp\AirT_Sensor.h(88): warning:  #1295-D: Deprecated declaration Init_sys_cfg - give arg types
  void Init_sys_cfg();
..\APP\sensor\5_airTemp\AirT_Hal.h(30): warning:  #1295-D: Deprecated declaration hal_sensor_init - give arg types
  extern void hal_sensor_init();
..\STM32L4xx_HAL_Driver\Inc\stm32l4xx_hal_flash.h(832): warning:  #47-D: incompatible redefinition of macro "FLASH_SIZE"  (declared at line 940 of "D:\software\Keil\Packs\Keil\STM32L4xx_DFP\2.3.0\Drivers\CMSIS\Device\ST\STM32L4xx\Include\stm32l431xx.h")
  #define FLASH_SIZE                         ((((*((uint16_t *)FLASH_SIZE_DATA_REGISTER)) == 0xFFFF)) ? (0x400 << 10) : \
..\BSP\spi.c(90): warning:  #940-D: missing return statement at end of non-void function "SPIInit" 
  }
..\BSP\spi.c: 6 warnings, 0 errors
compiling i2c.c...
..\APP\sensor\sensor_process.h(15): warning:  #1295-D: Deprecated declaration autosend - give arg types
  void autosend();
..\APP\sensor\sensor_process.h(18): warning:  #1295-D: Deprecated declaration Self_test - give arg types
  void Self_test();
..\APP\sensor\5_airTemp\AirT_Sensor.h(88): warning:  #1295-D: Deprecated declaration Init_sys_cfg - give arg types
  void Init_sys_cfg();
..\APP\sensor\5_airTemp\AirT_Hal.h(30): warning:  #1295-D: Deprecated declaration hal_sensor_init - give arg types
  extern void hal_sensor_init();
..\STM32L4xx_HAL_Driver\Inc\stm32l4xx_hal_flash.h(832): warning:  #47-D: incompatible redefinition of macro "FLASH_SIZE"  (declared at line 940 of "D:\software\Keil\Packs\Keil\STM32L4xx_DFP\2.3.0\Drivers\CMSIS\Device\ST\STM32L4xx\Include\stm32l431xx.h")
  #define FLASH_SIZE                         ((((*((uint16_t *)FLASH_SIZE_DATA_REGISTER)) == 0xFFFF)) ? (0x400 << 10) : \
..\BSP\i2c.c: 5 warnings, 0 errors
compiling uart.c...
..\APP\sensor\sensor_process.h(15): warning:  #1295-D: Deprecated declaration autosend - give arg types
  void autosend();
..\APP\sensor\sensor_process.h(18): warning:  #1295-D: Deprecated declaration Self_test - give arg types
  void Self_test();
..\APP\sensor\5_airTemp\AirT_Sensor.h(88): warning:  #1295-D: Deprecated declaration Init_sys_cfg - give arg types
  void Init_sys_cfg();
..\APP\sensor\5_airTemp\AirT_Hal.h(30): warning:  #1295-D: Deprecated declaration hal_sensor_init - give arg types
  extern void hal_sensor_init();
..\STM32L4xx_HAL_Driver\Inc\stm32l4xx_hal_flash.h(832): warning:  #47-D: incompatible redefinition of macro "FLASH_SIZE"  (declared at line 940 of "D:\software\Keil\Packs\Keil\STM32L4xx_DFP\2.3.0\Drivers\CMSIS\Device\ST\STM32L4xx\Include\stm32l431xx.h")
  #define FLASH_SIZE                         ((((*((uint16_t *)FLASH_SIZE_DATA_REGISTER)) == 0xFFFF)) ? (0x400 << 10) : \
..\BSP\uart.c(665): warning:  #177-D: variable "stat"  was declared but never referenced
  	uint8_t stat = 0;
..\BSP\uart.c(732): warning:  #177-D: variable "stat"  was declared but never referenced
  	uint8_t stat = 0;
..\BSP\uart.c: 7 warnings, 0 errors
compiling ds3231.c...
..\BSP\ds3231.h(36): warning:  #9-D: nested comment is not allowed
  /*
..\APP\sensor\sensor_process.h(15): warning:  #1295-D: Deprecated declaration autosend - give arg types
  void autosend();
..\APP\sensor\sensor_process.h(18): warning:  #1295-D: Deprecated declaration Self_test - give arg types
  void Self_test();
..\APP\sensor\5_airTemp\AirT_Sensor.h(88): warning:  #1295-D: Deprecated declaration Init_sys_cfg - give arg types
  void Init_sys_cfg();
..\APP\sensor\5_airTemp\AirT_Hal.h(30): warning:  #1295-D: Deprecated declaration hal_sensor_init - give arg types
  extern void hal_sensor_init();
..\STM32L4xx_HAL_Driver\Inc\stm32l4xx_hal_flash.h(832): warning:  #47-D: incompatible redefinition of macro "FLASH_SIZE"  (declared at line 940 of "D:\software\Keil\Packs\Keil\STM32L4xx_DFP\2.3.0\Drivers\CMSIS\Device\ST\STM32L4xx\Include\stm32l431xx.h")
  #define FLASH_SIZE                         ((((*((uint16_t *)FLASH_SIZE_DATA_REGISTER)) == 0xFFFF)) ? (0x400 << 10) : \
..\BSP\ds3231.c(78): warning:  #177-D: variable "mem"  was declared but never referenced
  		unsigned char mem[10];
..\BSP\ds3231.c(124): warning:  #177-D: variable "mem"  was declared but never referenced
  	unsigned char mem[10];
..\BSP\ds3231.c(269): warning:  #1035-D: single-precision operand implicitly converted to double-precision
      fTempNum0 *= 0.25;  //小数部分
..\BSP\ds3231.c(279): warning:  #1035-D: single-precision operand implicitly converted to double-precision
      *pdat = (int)((fTempNum+0.05)*10);//四舍五入，放大十倍输出，如16.22输出162,16.26输出163
..\BSP\ds3231.c: 10 warnings, 0 errors
compiling adc12_a.c...
..\STM32L4xx_HAL_Driver\Inc\stm32l4xx_hal_flash.h(832): warning:  #47-D: incompatible redefinition of macro "FLASH_SIZE"  (declared at line 940 of "D:\software\Keil\Packs\Keil\STM32L4xx_DFP\2.3.0\Drivers\CMSIS\Device\ST\STM32L4xx\Include\stm32l431xx.h")
  #define FLASH_SIZE                         ((((*((uint16_t *)FLASH_SIZE_DATA_REGISTER)) == 0xFFFF)) ? (0x400 << 10) : \
..\APP\sensor\sensor_process.h(15): warning:  #1295-D: Deprecated declaration autosend - give arg types
  void autosend();
..\APP\sensor\sensor_process.h(18): warning:  #1295-D: Deprecated declaration Self_test - give arg types
  void Self_test();
..\APP\sensor\5_airTemp\AirT_Sensor.h(88): warning:  #1295-D: Deprecated declaration Init_sys_cfg - give arg types
  void Init_sys_cfg();
..\APP\sensor\5_airTemp\AirT_Hal.h(30): warning:  #1295-D: Deprecated declaration hal_sensor_init - give arg types
  extern void hal_sensor_init();
..\BSP\adc12_a.c(348): warning:  #940-D: missing return statement at end of non-void function "Start_ADC" 
  }
..\BSP\adc12_a.c: 6 warnings, 0 errors
compiling stm32l4xx_hal_adc_ex.c...
..\APP\sensor\sensor_process.h(15): warning:  #1295-D: Deprecated declaration autosend - give arg types
  void autosend();
..\APP\sensor\sensor_process.h(18): warning:  #1295-D: Deprecated declaration Self_test - give arg types
  void Self_test();
..\APP\sensor\5_airTemp\AirT_Sensor.h(88): warning:  #1295-D: Deprecated declaration Init_sys_cfg - give arg types
  void Init_sys_cfg();
..\APP\sensor\5_airTemp\AirT_Hal.h(30): warning:  #1295-D: Deprecated declaration hal_sensor_init - give arg types
  extern void hal_sensor_init();
..\STM32L4xx_HAL_Driver\Inc\stm32l4xx_hal_flash.h(832): warning:  #47-D: incompatible redefinition of macro "FLASH_SIZE"  (declared at line 940 of "D:\software\Keil\Packs\Keil\STM32L4xx_DFP\2.3.0\Drivers\CMSIS\Device\ST\STM32L4xx\Include\stm32l431xx.h")
  #define FLASH_SIZE                         ((((*((uint16_t *)FLASH_SIZE_DATA_REGISTER)) == 0xFFFF)) ? (0x400 << 10) : \
..\STM32L4xx_HAL_Driver\Src\stm32l4xx_hal_adc_ex.c: 5 warnings, 0 errors
compiling stm32l4xx_hal_comp.c...
..\APP\sensor\sensor_process.h(15): warning:  #1295-D: Deprecated declaration autosend - give arg types
  void autosend();
..\APP\sensor\sensor_process.h(18): warning:  #1295-D: Deprecated declaration Self_test - give arg types
  void Self_test();
..\APP\sensor\5_airTemp\AirT_Sensor.h(88): warning:  #1295-D: Deprecated declaration Init_sys_cfg - give arg types
  void Init_sys_cfg();
..\APP\sensor\5_airTemp\AirT_Hal.h(30): warning:  #1295-D: Deprecated declaration hal_sensor_init - give arg types
  extern void hal_sensor_init();
..\STM32L4xx_HAL_Driver\Inc\stm32l4xx_hal_flash.h(832): warning:  #47-D: incompatible redefinition of macro "FLASH_SIZE"  (declared at line 940 of "D:\software\Keil\Packs\Keil\STM32L4xx_DFP\2.3.0\Drivers\CMSIS\Device\ST\STM32L4xx\Include\stm32l431xx.h")
  #define FLASH_SIZE                         ((((*((uint16_t *)FLASH_SIZE_DATA_REGISTER)) == 0xFFFF)) ? (0x400 << 10) : \
..\STM32L4xx_HAL_Driver\Src\stm32l4xx_hal_comp.c: 5 warnings, 0 errors
compiling stm32l4xx_hal_cortex.c...
..\APP\sensor\sensor_process.h(15): warning:  #1295-D: Deprecated declaration autosend - give arg types
  void autosend();
..\APP\sensor\sensor_process.h(18): warning:  #1295-D: Deprecated declaration Self_test - give arg types
  void Self_test();
..\APP\sensor\5_airTemp\AirT_Sensor.h(88): warning:  #1295-D: Deprecated declaration Init_sys_cfg - give arg types
  void Init_sys_cfg();
..\APP\sensor\5_airTemp\AirT_Hal.h(30): warning:  #1295-D: Deprecated declaration hal_sensor_init - give arg types
  extern void hal_sensor_init();
..\STM32L4xx_HAL_Driver\Inc\stm32l4xx_hal_flash.h(832): warning:  #47-D: incompatible redefinition of macro "FLASH_SIZE"  (declared at line 940 of "D:\software\Keil\Packs\Keil\STM32L4xx_DFP\2.3.0\Drivers\CMSIS\Device\ST\STM32L4xx\Include\stm32l431xx.h")
  #define FLASH_SIZE                         ((((*((uint16_t *)FLASH_SIZE_DATA_REGISTER)) == 0xFFFF)) ? (0x400 << 10) : \
..\STM32L4xx_HAL_Driver\Src\stm32l4xx_hal_cortex.c: 5 warnings, 0 errors
compiling stm32l4xx_hal_adc.c...
..\APP\sensor\sensor_process.h(15): warning:  #1295-D: Deprecated declaration autosend - give arg types
  void autosend();
..\APP\sensor\sensor_process.h(18): warning:  #1295-D: Deprecated declaration Self_test - give arg types
  void Self_test();
..\APP\sensor\5_airTemp\AirT_Sensor.h(88): warning:  #1295-D: Deprecated declaration Init_sys_cfg - give arg types
  void Init_sys_cfg();
..\APP\sensor\5_airTemp\AirT_Hal.h(30): warning:  #1295-D: Deprecated declaration hal_sensor_init - give arg types
  extern void hal_sensor_init();
..\STM32L4xx_HAL_Driver\Inc\stm32l4xx_hal_flash.h(832): warning:  #47-D: incompatible redefinition of macro "FLASH_SIZE"  (declared at line 940 of "D:\software\Keil\Packs\Keil\STM32L4xx_DFP\2.3.0\Drivers\CMSIS\Device\ST\STM32L4xx\Include\stm32l431xx.h")
  #define FLASH_SIZE                         ((((*((uint16_t *)FLASH_SIZE_DATA_REGISTER)) == 0xFFFF)) ? (0x400 << 10) : \
..\STM32L4xx_HAL_Driver\Src\stm32l4xx_hal_adc.c: 5 warnings, 0 errors
compiling stm32l4xx_hal_firewall.c...
..\APP\sensor\sensor_process.h(15): warning:  #1295-D: Deprecated declaration autosend - give arg types
  void autosend();
..\APP\sensor\sensor_process.h(18): warning:  #1295-D: Deprecated declaration Self_test - give arg types
  void Self_test();
..\APP\sensor\5_airTemp\AirT_Sensor.h(88): warning:  #1295-D: Deprecated declaration Init_sys_cfg - give arg types
  void Init_sys_cfg();
..\APP\sensor\5_airTemp\AirT_Hal.h(30): warning:  #1295-D: Deprecated declaration hal_sensor_init - give arg types
  extern void hal_sensor_init();
..\STM32L4xx_HAL_Driver\Inc\stm32l4xx_hal_flash.h(832): warning:  #47-D: incompatible redefinition of macro "FLASH_SIZE"  (declared at line 940 of "D:\software\Keil\Packs\Keil\STM32L4xx_DFP\2.3.0\Drivers\CMSIS\Device\ST\STM32L4xx\Include\stm32l431xx.h")
  #define FLASH_SIZE                         ((((*((uint16_t *)FLASH_SIZE_DATA_REGISTER)) == 0xFFFF)) ? (0x400 << 10) : \
..\STM32L4xx_HAL_Driver\Src\stm32l4xx_hal_firewall.c: 5 warnings, 0 errors
compiling stm32l4xx_hal_flash.c...
..\APP\sensor\sensor_process.h(15): warning:  #1295-D: Deprecated declaration autosend - give arg types
  void autosend();
..\APP\sensor\sensor_process.h(18): warning:  #1295-D: Deprecated declaration Self_test - give arg types
  void Self_test();
..\APP\sensor\5_airTemp\AirT_Sensor.h(88): warning:  #1295-D: Deprecated declaration Init_sys_cfg - give arg types
  void Init_sys_cfg();
..\APP\sensor\5_airTemp\AirT_Hal.h(30): warning:  #1295-D: Deprecated declaration hal_sensor_init - give arg types
  extern void hal_sensor_init();
..\STM32L4xx_HAL_Driver\Inc\stm32l4xx_hal_flash.h(832): warning:  #47-D: incompatible redefinition of macro "FLASH_SIZE"  (declared at line 940 of "D:\software\Keil\Packs\Keil\STM32L4xx_DFP\2.3.0\Drivers\CMSIS\Device\ST\STM32L4xx\Include\stm32l431xx.h")
  #define FLASH_SIZE                         ((((*((uint16_t *)FLASH_SIZE_DATA_REGISTER)) == 0xFFFF)) ? (0x400 << 10) : \
..\STM32L4xx_HAL_Driver\Src\stm32l4xx_hal_flash.c: 5 warnings, 0 errors
compiling stm32l4xx_hal_dma.c...
..\APP\sensor\sensor_process.h(15): warning:  #1295-D: Deprecated declaration autosend - give arg types
  void autosend();
..\APP\sensor\sensor_process.h(18): warning:  #1295-D: Deprecated declaration Self_test - give arg types
  void Self_test();
..\APP\sensor\5_airTemp\AirT_Sensor.h(88): warning:  #1295-D: Deprecated declaration Init_sys_cfg - give arg types
  void Init_sys_cfg();
..\APP\sensor\5_airTemp\AirT_Hal.h(30): warning:  #1295-D: Deprecated declaration hal_sensor_init - give arg types
  extern void hal_sensor_init();
..\STM32L4xx_HAL_Driver\Inc\stm32l4xx_hal_flash.h(832): warning:  #47-D: incompatible redefinition of macro "FLASH_SIZE"  (declared at line 940 of "D:\software\Keil\Packs\Keil\STM32L4xx_DFP\2.3.0\Drivers\CMSIS\Device\ST\STM32L4xx\Include\stm32l431xx.h")
  #define FLASH_SIZE                         ((((*((uint16_t *)FLASH_SIZE_DATA_REGISTER)) == 0xFFFF)) ? (0x400 << 10) : \
..\STM32L4xx_HAL_Driver\Src\stm32l4xx_hal_dma.c: 5 warnings, 0 errors
compiling stm32l4xx_hal_dma_ex.c...
..\APP\sensor\sensor_process.h(15): warning:  #1295-D: Deprecated declaration autosend - give arg types
  void autosend();
..\APP\sensor\sensor_process.h(18): warning:  #1295-D: Deprecated declaration Self_test - give arg types
  void Self_test();
..\APP\sensor\5_airTemp\AirT_Sensor.h(88): warning:  #1295-D: Deprecated declaration Init_sys_cfg - give arg types
  void Init_sys_cfg();
..\APP\sensor\5_airTemp\AirT_Hal.h(30): warning:  #1295-D: Deprecated declaration hal_sensor_init - give arg types
  extern void hal_sensor_init();
..\STM32L4xx_HAL_Driver\Inc\stm32l4xx_hal_flash.h(832): warning:  #47-D: incompatible redefinition of macro "FLASH_SIZE"  (declared at line 940 of "D:\software\Keil\Packs\Keil\STM32L4xx_DFP\2.3.0\Drivers\CMSIS\Device\ST\STM32L4xx\Include\stm32l431xx.h")
  #define FLASH_SIZE                         ((((*((uint16_t *)FLASH_SIZE_DATA_REGISTER)) == 0xFFFF)) ? (0x400 << 10) : \
..\STM32L4xx_HAL_Driver\Src\stm32l4xx_hal_dma_ex.c: 5 warnings, 0 errors
compiling stm32l4xx_hal_gpio.c...
..\APP\sensor\sensor_process.h(15): warning:  #1295-D: Deprecated declaration autosend - give arg types
  void autosend();
..\APP\sensor\sensor_process.h(18): warning:  #1295-D: Deprecated declaration Self_test - give arg types
  void Self_test();
..\APP\sensor\5_airTemp\AirT_Sensor.h(88): warning:  #1295-D: Deprecated declaration Init_sys_cfg - give arg types
  void Init_sys_cfg();
..\APP\sensor\5_airTemp\AirT_Hal.h(30): warning:  #1295-D: Deprecated declaration hal_sensor_init - give arg types
  extern void hal_sensor_init();
..\STM32L4xx_HAL_Driver\Inc\stm32l4xx_hal_flash.h(832): warning:  #47-D: incompatible redefinition of macro "FLASH_SIZE"  (declared at line 940 of "D:\software\Keil\Packs\Keil\STM32L4xx_DFP\2.3.0\Drivers\CMSIS\Device\ST\STM32L4xx\Include\stm32l431xx.h")
  #define FLASH_SIZE                         ((((*((uint16_t *)FLASH_SIZE_DATA_REGISTER)) == 0xFFFF)) ? (0x400 << 10) : \
..\STM32L4xx_HAL_Driver\Src\stm32l4xx_hal_gpio.c: 5 warnings, 0 errors
compiling stm32l4xx_hal_i2c.c...
..\APP\sensor\sensor_process.h(15): warning:  #1295-D: Deprecated declaration autosend - give arg types
  void autosend();
..\APP\sensor\sensor_process.h(18): warning:  #1295-D: Deprecated declaration Self_test - give arg types
  void Self_test();
..\APP\sensor\5_airTemp\AirT_Sensor.h(88): warning:  #1295-D: Deprecated declaration Init_sys_cfg - give arg types
  void Init_sys_cfg();
..\APP\sensor\5_airTemp\AirT_Hal.h(30): warning:  #1295-D: Deprecated declaration hal_sensor_init - give arg types
  extern void hal_sensor_init();
..\STM32L4xx_HAL_Driver\Inc\stm32l4xx_hal_flash.h(832): warning:  #47-D: incompatible redefinition of macro "FLASH_SIZE"  (declared at line 940 of "D:\software\Keil\Packs\Keil\STM32L4xx_DFP\2.3.0\Drivers\CMSIS\Device\ST\STM32L4xx\Include\stm32l431xx.h")
  #define FLASH_SIZE                         ((((*((uint16_t *)FLASH_SIZE_DATA_REGISTER)) == 0xFFFF)) ? (0x400 << 10) : \
..\STM32L4xx_HAL_Driver\Src\stm32l4xx_hal_i2c.c: 5 warnings, 0 errors
compiling stm32l4xx_hal_i2c_ex.c...
..\APP\sensor\sensor_process.h(15): warning:  #1295-D: Deprecated declaration autosend - give arg types
  void autosend();
..\APP\sensor\sensor_process.h(18): warning:  #1295-D: Deprecated declaration Self_test - give arg types
  void Self_test();
..\APP\sensor\5_airTemp\AirT_Sensor.h(88): warning:  #1295-D: Deprecated declaration Init_sys_cfg - give arg types
  void Init_sys_cfg();
..\APP\sensor\5_airTemp\AirT_Hal.h(30): warning:  #1295-D: Deprecated declaration hal_sensor_init - give arg types
  extern void hal_sensor_init();
..\STM32L4xx_HAL_Driver\Inc\stm32l4xx_hal_flash.h(832): warning:  #47-D: incompatible redefinition of macro "FLASH_SIZE"  (declared at line 940 of "D:\software\Keil\Packs\Keil\STM32L4xx_DFP\2.3.0\Drivers\CMSIS\Device\ST\STM32L4xx\Include\stm32l431xx.h")
  #define FLASH_SIZE                         ((((*((uint16_t *)FLASH_SIZE_DATA_REGISTER)) == 0xFFFF)) ? (0x400 << 10) : \
..\STM32L4xx_HAL_Driver\Src\stm32l4xx_hal_i2c_ex.c: 5 warnings, 0 errors
compiling stm32l4xx_hal_uart_ex.c...
..\APP\sensor\sensor_process.h(15): warning:  #1295-D: Deprecated declaration autosend - give arg types
  void autosend();
..\APP\sensor\sensor_process.h(18): warning:  #1295-D: Deprecated declaration Self_test - give arg types
  void Self_test();
..\APP\sensor\5_airTemp\AirT_Sensor.h(88): warning:  #1295-D: Deprecated declaration Init_sys_cfg - give arg types
  void Init_sys_cfg();
..\APP\sensor\5_airTemp\AirT_Hal.h(30): warning:  #1295-D: Deprecated declaration hal_sensor_init - give arg types
  extern void hal_sensor_init();
..\STM32L4xx_HAL_Driver\Inc\stm32l4xx_hal_flash.h(832): warning:  #47-D: incompatible redefinition of macro "FLASH_SIZE"  (declared at line 940 of "D:\software\Keil\Packs\Keil\STM32L4xx_DFP\2.3.0\Drivers\CMSIS\Device\ST\STM32L4xx\Include\stm32l431xx.h")
  #define FLASH_SIZE                         ((((*((uint16_t *)FLASH_SIZE_DATA_REGISTER)) == 0xFFFF)) ? (0x400 << 10) : \
..\STM32L4xx_HAL_Driver\Src\stm32l4xx_hal_uart_ex.c: 5 warnings, 0 errors
compiling stm32l4xx_hal_uart.c...
..\APP\sensor\sensor_process.h(15): warning:  #1295-D: Deprecated declaration autosend - give arg types
  void autosend();
..\APP\sensor\sensor_process.h(18): warning:  #1295-D: Deprecated declaration Self_test - give arg types
  void Self_test();
..\APP\sensor\5_airTemp\AirT_Sensor.h(88): warning:  #1295-D: Deprecated declaration Init_sys_cfg - give arg types
  void Init_sys_cfg();
..\APP\sensor\5_airTemp\AirT_Hal.h(30): warning:  #1295-D: Deprecated declaration hal_sensor_init - give arg types
  extern void hal_sensor_init();
..\STM32L4xx_HAL_Driver\Inc\stm32l4xx_hal_flash.h(832): warning:  #47-D: incompatible redefinition of macro "FLASH_SIZE"  (declared at line 940 of "D:\software\Keil\Packs\Keil\STM32L4xx_DFP\2.3.0\Drivers\CMSIS\Device\ST\STM32L4xx\Include\stm32l431xx.h")
  #define FLASH_SIZE                         ((((*((uint16_t *)FLASH_SIZE_DATA_REGISTER)) == 0xFFFF)) ? (0x400 << 10) : \
..\STM32L4xx_HAL_Driver\Src\stm32l4xx_hal_uart.c: 5 warnings, 0 errors
compiling stm32l4xx_hal_tim.c...
..\APP\sensor\sensor_process.h(15): warning:  #1295-D: Deprecated declaration autosend - give arg types
  void autosend();
..\APP\sensor\sensor_process.h(18): warning:  #1295-D: Deprecated declaration Self_test - give arg types
  void Self_test();
..\APP\sensor\5_airTemp\AirT_Sensor.h(88): warning:  #1295-D: Deprecated declaration Init_sys_cfg - give arg types
  void Init_sys_cfg();
..\APP\sensor\5_airTemp\AirT_Hal.h(30): warning:  #1295-D: Deprecated declaration hal_sensor_init - give arg types
  extern void hal_sensor_init();
..\STM32L4xx_HAL_Driver\Inc\stm32l4xx_hal_flash.h(832): warning:  #47-D: incompatible redefinition of macro "FLASH_SIZE"  (declared at line 940 of "D:\software\Keil\Packs\Keil\STM32L4xx_DFP\2.3.0\Drivers\CMSIS\Device\ST\STM32L4xx\Include\stm32l431xx.h")
  #define FLASH_SIZE                         ((((*((uint16_t *)FLASH_SIZE_DATA_REGISTER)) == 0xFFFF)) ? (0x400 << 10) : \
..\STM32L4xx_HAL_Driver\Src\stm32l4xx_hal_tim.c: 5 warnings, 0 errors
compiling stm32l4xx_hal_tim_ex.c...
..\APP\sensor\sensor_process.h(15): warning:  #1295-D: Deprecated declaration autosend - give arg types
  void autosend();
..\APP\sensor\sensor_process.h(18): warning:  #1295-D: Deprecated declaration Self_test - give arg types
  void Self_test();
..\APP\sensor\5_airTemp\AirT_Sensor.h(88): warning:  #1295-D: Deprecated declaration Init_sys_cfg - give arg types
  void Init_sys_cfg();
..\APP\sensor\5_airTemp\AirT_Hal.h(30): warning:  #1295-D: Deprecated declaration hal_sensor_init - give arg types
  extern void hal_sensor_init();
..\STM32L4xx_HAL_Driver\Inc\stm32l4xx_hal_flash.h(832): warning:  #47-D: incompatible redefinition of macro "FLASH_SIZE"  (declared at line 940 of "D:\software\Keil\Packs\Keil\STM32L4xx_DFP\2.3.0\Drivers\CMSIS\Device\ST\STM32L4xx\Include\stm32l431xx.h")
  #define FLASH_SIZE                         ((((*((uint16_t *)FLASH_SIZE_DATA_REGISTER)) == 0xFFFF)) ? (0x400 << 10) : \
..\STM32L4xx_HAL_Driver\Src\stm32l4xx_hal_tim_ex.c: 5 warnings, 0 errors
compiling stm32l4xx_hal_rcc.c...
..\APP\sensor\sensor_process.h(15): warning:  #1295-D: Deprecated declaration autosend - give arg types
  void autosend();
..\APP\sensor\sensor_process.h(18): warning:  #1295-D: Deprecated declaration Self_test - give arg types
  void Self_test();
..\APP\sensor\5_airTemp\AirT_Sensor.h(88): warning:  #1295-D: Deprecated declaration Init_sys_cfg - give arg types
  void Init_sys_cfg();
..\APP\sensor\5_airTemp\AirT_Hal.h(30): warning:  #1295-D: Deprecated declaration hal_sensor_init - give arg types
  extern void hal_sensor_init();
..\STM32L4xx_HAL_Driver\Inc\stm32l4xx_hal_flash.h(832): warning:  #47-D: incompatible redefinition of macro "FLASH_SIZE"  (declared at line 940 of "D:\software\Keil\Packs\Keil\STM32L4xx_DFP\2.3.0\Drivers\CMSIS\Device\ST\STM32L4xx\Include\stm32l431xx.h")
  #define FLASH_SIZE                         ((((*((uint16_t *)FLASH_SIZE_DATA_REGISTER)) == 0xFFFF)) ? (0x400 << 10) : \
..\STM32L4xx_HAL_Driver\Src\stm32l4xx_hal_rcc.c: 5 warnings, 0 errors
compiling stm32l4xx_hal_spi.c...
..\APP\sensor\sensor_process.h(15): warning:  #1295-D: Deprecated declaration autosend - give arg types
  void autosend();
..\APP\sensor\sensor_process.h(18): warning:  #1295-D: Deprecated declaration Self_test - give arg types
  void Self_test();
..\APP\sensor\5_airTemp\AirT_Sensor.h(88): warning:  #1295-D: Deprecated declaration Init_sys_cfg - give arg types
  void Init_sys_cfg();
..\APP\sensor\5_airTemp\AirT_Hal.h(30): warning:  #1295-D: Deprecated declaration hal_sensor_init - give arg types
  extern void hal_sensor_init();
..\STM32L4xx_HAL_Driver\Inc\stm32l4xx_hal_flash.h(832): warning:  #47-D: incompatible redefinition of macro "FLASH_SIZE"  (declared at line 940 of "D:\software\Keil\Packs\Keil\STM32L4xx_DFP\2.3.0\Drivers\CMSIS\Device\ST\STM32L4xx\Include\stm32l431xx.h")
  #define FLASH_SIZE                         ((((*((uint16_t *)FLASH_SIZE_DATA_REGISTER)) == 0xFFFF)) ? (0x400 << 10) : \
..\STM32L4xx_HAL_Driver\Src\stm32l4xx_hal_spi.c: 5 warnings, 0 errors
compiling stm32l4xx_hal_flash_ramfunc.c...
..\APP\sensor\sensor_process.h(15): warning:  #1295-D: Deprecated declaration autosend - give arg types
  void autosend();
..\APP\sensor\sensor_process.h(18): warning:  #1295-D: Deprecated declaration Self_test - give arg types
  void Self_test();
..\APP\sensor\5_airTemp\AirT_Sensor.h(88): warning:  #1295-D: Deprecated declaration Init_sys_cfg - give arg types
  void Init_sys_cfg();
..\APP\sensor\5_airTemp\AirT_Hal.h(30): warning:  #1295-D: Deprecated declaration hal_sensor_init - give arg types
  extern void hal_sensor_init();
..\STM32L4xx_HAL_Driver\Inc\stm32l4xx_hal_flash.h(832): warning:  #47-D: incompatible redefinition of macro "FLASH_SIZE"  (declared at line 940 of "D:\software\Keil\Packs\Keil\STM32L4xx_DFP\2.3.0\Drivers\CMSIS\Device\ST\STM32L4xx\Include\stm32l431xx.h")
  #define FLASH_SIZE                         ((((*((uint16_t *)FLASH_SIZE_DATA_REGISTER)) == 0xFFFF)) ? (0x400 << 10) : \
..\STM32L4xx_HAL_Driver\Src\stm32l4xx_hal_flash_ramfunc.c: 5 warnings, 0 errors
compiling stm32l4xx_hal_flash_ex.c...
..\APP\sensor\sensor_process.h(15): warning:  #1295-D: Deprecated declaration autosend - give arg types
  void autosend();
..\APP\sensor\sensor_process.h(18): warning:  #1295-D: Deprecated declaration Self_test - give arg types
  void Self_test();
..\APP\sensor\5_airTemp\AirT_Sensor.h(88): warning:  #1295-D: Deprecated declaration Init_sys_cfg - give arg types
  void Init_sys_cfg();
..\APP\sensor\5_airTemp\AirT_Hal.h(30): warning:  #1295-D: Deprecated declaration hal_sensor_init - give arg types
  extern void hal_sensor_init();
..\STM32L4xx_HAL_Driver\Inc\stm32l4xx_hal_flash.h(832): warning:  #47-D: incompatible redefinition of macro "FLASH_SIZE"  (declared at line 940 of "D:\software\Keil\Packs\Keil\STM32L4xx_DFP\2.3.0\Drivers\CMSIS\Device\ST\STM32L4xx\Include\stm32l431xx.h")
  #define FLASH_SIZE                         ((((*((uint16_t *)FLASH_SIZE_DATA_REGISTER)) == 0xFFFF)) ? (0x400 << 10) : \
..\STM32L4xx_HAL_Driver\Src\stm32l4xx_hal_flash_ex.c: 5 warnings, 0 errors
compiling stm32l4xx_hal_rcc_ex.c...
..\APP\sensor\sensor_process.h(15): warning:  #1295-D: Deprecated declaration autosend - give arg types
  void autosend();
..\APP\sensor\sensor_process.h(18): warning:  #1295-D: Deprecated declaration Self_test - give arg types
  void Self_test();
..\APP\sensor\5_airTemp\AirT_Sensor.h(88): warning:  #1295-D: Deprecated declaration Init_sys_cfg - give arg types
  void Init_sys_cfg();
..\APP\sensor\5_airTemp\AirT_Hal.h(30): warning:  #1295-D: Deprecated declaration hal_sensor_init - give arg types
  extern void hal_sensor_init();
..\STM32L4xx_HAL_Driver\Inc\stm32l4xx_hal_flash.h(832): warning:  #47-D: incompatible redefinition of macro "FLASH_SIZE"  (declared at line 940 of "D:\software\Keil\Packs\Keil\STM32L4xx_DFP\2.3.0\Drivers\CMSIS\Device\ST\STM32L4xx\Include\stm32l431xx.h")
  #define FLASH_SIZE                         ((((*((uint16_t *)FLASH_SIZE_DATA_REGISTER)) == 0xFFFF)) ? (0x400 << 10) : \
..\STM32L4xx_HAL_Driver\Src\stm32l4xx_hal_rcc_ex.c: 5 warnings, 0 errors
compiling stm32l4xx_hal_pwr_ex.c...
..\APP\sensor\sensor_process.h(15): warning:  #1295-D: Deprecated declaration autosend - give arg types
  void autosend();
..\APP\sensor\sensor_process.h(18): warning:  #1295-D: Deprecated declaration Self_test - give arg types
  void Self_test();
..\APP\sensor\5_airTemp\AirT_Sensor.h(88): warning:  #1295-D: Deprecated declaration Init_sys_cfg - give arg types
  void Init_sys_cfg();
..\APP\sensor\5_airTemp\AirT_Hal.h(30): warning:  #1295-D: Deprecated declaration hal_sensor_init - give arg types
  extern void hal_sensor_init();
..\STM32L4xx_HAL_Driver\Inc\stm32l4xx_hal_flash.h(832): warning:  #47-D: incompatible redefinition of macro "FLASH_SIZE"  (declared at line 940 of "D:\software\Keil\Packs\Keil\STM32L4xx_DFP\2.3.0\Drivers\CMSIS\Device\ST\STM32L4xx\Include\stm32l431xx.h")
  #define FLASH_SIZE                         ((((*((uint16_t *)FLASH_SIZE_DATA_REGISTER)) == 0xFFFF)) ? (0x400 << 10) : \
..\STM32L4xx_HAL_Driver\Src\stm32l4xx_hal_pwr_ex.c: 5 warnings, 0 errors
compiling stm32l4xx_hal_pwr.c...
..\APP\sensor\sensor_process.h(15): warning:  #1295-D: Deprecated declaration autosend - give arg types
  void autosend();
..\APP\sensor\sensor_process.h(18): warning:  #1295-D: Deprecated declaration Self_test - give arg types
  void Self_test();
..\APP\sensor\5_airTemp\AirT_Sensor.h(88): warning:  #1295-D: Deprecated declaration Init_sys_cfg - give arg types
  void Init_sys_cfg();
..\APP\sensor\5_airTemp\AirT_Hal.h(30): warning:  #1295-D: Deprecated declaration hal_sensor_init - give arg types
  extern void hal_sensor_init();
..\STM32L4xx_HAL_Driver\Inc\stm32l4xx_hal_flash.h(832): warning:  #47-D: incompatible redefinition of macro "FLASH_SIZE"  (declared at line 940 of "D:\software\Keil\Packs\Keil\STM32L4xx_DFP\2.3.0\Drivers\CMSIS\Device\ST\STM32L4xx\Include\stm32l431xx.h")
  #define FLASH_SIZE                         ((((*((uint16_t *)FLASH_SIZE_DATA_REGISTER)) == 0xFFFF)) ? (0x400 << 10) : \
..\STM32L4xx_HAL_Driver\Src\stm32l4xx_hal_pwr.c: 5 warnings, 0 errors
compiling stm32l4xx_hal_msp.c...
..\APP\sensor\sensor_process.h(15): warning:  #1295-D: Deprecated declaration autosend - give arg types
  void autosend();
..\APP\sensor\sensor_process.h(18): warning:  #1295-D: Deprecated declaration Self_test - give arg types
  void Self_test();
..\APP\sensor\5_airTemp\AirT_Sensor.h(88): warning:  #1295-D: Deprecated declaration Init_sys_cfg - give arg types
  void Init_sys_cfg();
..\APP\sensor\5_airTemp\AirT_Hal.h(30): warning:  #1295-D: Deprecated declaration hal_sensor_init - give arg types
  extern void hal_sensor_init();
..\STM32L4xx_HAL_Driver\Inc\stm32l4xx_hal_flash.h(832): warning:  #47-D: incompatible redefinition of macro "FLASH_SIZE"  (declared at line 940 of "D:\software\Keil\Packs\Keil\STM32L4xx_DFP\2.3.0\Drivers\CMSIS\Device\ST\STM32L4xx\Include\stm32l431xx.h")
  #define FLASH_SIZE                         ((((*((uint16_t *)FLASH_SIZE_DATA_REGISTER)) == 0xFFFF)) ? (0x400 << 10) : \
..\APP\stm32l4xx_hal_msp.c: 5 warnings, 0 errors
compiling sysinit.c...
..\STM32L4xx_HAL_Driver\Inc\stm32l4xx_hal_flash.h(832): warning:  #47-D: incompatible redefinition of macro "FLASH_SIZE"  (declared at line 940 of "D:\software\Keil\Packs\Keil\STM32L4xx_DFP\2.3.0\Drivers\CMSIS\Device\ST\STM32L4xx\Include\stm32l431xx.h")
  #define FLASH_SIZE                         ((((*((uint16_t *)FLASH_SIZE_DATA_REGISTER)) == 0xFFFF)) ? (0x400 << 10) : \
..\APP\sensor\sensor_process.h(15): warning:  #1295-D: Deprecated declaration autosend - give arg types
  void autosend();
..\APP\sensor\sensor_process.h(18): warning:  #1295-D: Deprecated declaration Self_test - give arg types
  void Self_test();
..\APP\sensor\5_airTemp\AirT_Sensor.h(88): warning:  #1295-D: Deprecated declaration Init_sys_cfg - give arg types
  void Init_sys_cfg();
..\APP\sensor\5_airTemp\AirT_Hal.h(30): warning:  #1295-D: Deprecated declaration hal_sensor_init - give arg types
  extern void hal_sensor_init();
..\APP\product\sysinit.c(87): warning:  #223-D: function "HalDS3231_Init" declared implicitly
      HalDS3231_Init();//RTC
..\APP\product\sysinit.c(129): warning:  #223-D: function "DS3231_ReadTime" declared implicitly
      DS3231_ReadTime(&m_tempdata.m_RtcTateTime);
..\APP\product\sysinit.c(130): warning:  #223-D: function "Init_ADC" declared implicitly
  	Init_ADC();
..\APP\product\sysinit.c(326): warning:  #940-D: missing return statement at end of non-void function "pam_init" 
  }
..\APP\product\sysinit.c(348): warning:  #177-D: variable "i"  was declared but never referenced
      U8 i, sn_buf[40];
..\APP\product\sysinit.c: 10 warnings, 0 errors
compiling main.c...
..\STM32L4xx_HAL_Driver\Inc\stm32l4xx_hal_flash.h(832): warning:  #47-D: incompatible redefinition of macro "FLASH_SIZE"  (declared at line 940 of "D:\software\Keil\Packs\Keil\STM32L4xx_DFP\2.3.0\Drivers\CMSIS\Device\ST\STM32L4xx\Include\stm32l431xx.h")
  #define FLASH_SIZE                         ((((*((uint16_t *)FLASH_SIZE_DATA_REGISTER)) == 0xFFFF)) ? (0x400 << 10) : \
..\APP\sensor\sensor_process.h(15): warning:  #1295-D: Deprecated declaration autosend - give arg types
  void autosend();
..\APP\sensor\sensor_process.h(18): warning:  #1295-D: Deprecated declaration Self_test - give arg types
  void Self_test();
..\APP\sensor\5_airTemp\AirT_Sensor.h(88): warning:  #1295-D: Deprecated declaration Init_sys_cfg - give arg types
  void Init_sys_cfg();
..\APP\sensor\5_airTemp\AirT_Hal.h(30): warning:  #1295-D: Deprecated declaration hal_sensor_init - give arg types
  extern void hal_sensor_init();
..\APP\product\main.c(141): warning:  #177-D: variable "RCC_PeriphCLKInitStruct"  was declared but never referenced
    RCC_PeriphCLKInitTypeDef  RCC_PeriphCLKInitStruct;
..\APP\product\main.c(207): warning:  #951-D: return type of function "main" must be "int"
  void main( void )
..\APP\product\main.c(230): warning:  #144-D: a value of type "void (*)(void *)" cannot be used to initialize an entity of type "os_pthread"
      osThreadDef(UART_PROCESS, uartprocess_task, UART_PROCESS_TASK_PRIORITY, 0, TASK_UART_PROCESS_STACK_SIZE);
..\APP\product\main.c(230): warning:  #188-D: enumerated type mixed with another type
      osThreadDef(UART_PROCESS, uartprocess_task, UART_PROCESS_TASK_PRIORITY, 0, TASK_UART_PROCESS_STACK_SIZE);
..\APP\product\main.c(232): warning:  #144-D: a value of type "void (*)(void *)" cannot be used to initialize an entity of type "os_pthread"
      osThreadDef(TIME, time_task, TIME_TASK_PRIORITY, 0, TASK_TIME_STACK_SIZE);
..\APP\product\main.c(232): warning:  #188-D: enumerated type mixed with another type
      osThreadDef(TIME, time_task, TIME_TASK_PRIORITY, 0, TASK_TIME_STACK_SIZE);
..\APP\product\main.c(234): warning:  #144-D: a value of type "void (*)(void *)" cannot be used to initialize an entity of type "os_pthread"
      osThreadDef(EVENT_SAMPLE, check_event_sample_task, EVENT_SAMPLE_TASK_PRIORITY, 0, TASK_EVENT_SAMPLE_STACK_SIZE);
..\APP\product\main.c(234): warning:  #188-D: enumerated type mixed with another type
      osThreadDef(EVENT_SAMPLE, check_event_sample_task, EVENT_SAMPLE_TASK_PRIORITY, 0, TASK_EVENT_SAMPLE_STACK_SIZE);
..\APP\product\main.c(236): warning:  #144-D: a value of type "void (*)(void *)" cannot be used to initialize an entity of type "os_pthread"
      osThreadDef(READDATA, readdata_task, READDATA_TASK_PRIORITY, 0, TASK_READDATA_STACK_SIZE);
..\APP\product\main.c(236): warning:  #188-D: enumerated type mixed with another type
      osThreadDef(READDATA, readdata_task, READDATA_TASK_PRIORITY, 0, TASK_READDATA_STACK_SIZE);
..\APP\product\main.c(442): warning:  #177-D: variable "ulCounter"  was declared but never referenced
      static unsigned long ulCounter = 0;
..\APP\product\main.c(444): warning:  #177-D: variable "ulCheckFrequency"  was declared but never referenced
      static const unsigned long ulCheckFrequency = 5000UL / portTICK_PERIOD_MS;
..\APP\product\main.c: 17 warnings, 0 errors
compiling stm32l4xx_it.c...
..\APP\sensor\sensor_process.h(15): warning:  #1295-D: Deprecated declaration autosend - give arg types
  void autosend();
..\APP\sensor\sensor_process.h(18): warning:  #1295-D: Deprecated declaration Self_test - give arg types
  void Self_test();
..\APP\sensor\5_airTemp\AirT_Sensor.h(88): warning:  #1295-D: Deprecated declaration Init_sys_cfg - give arg types
  void Init_sys_cfg();
..\APP\sensor\5_airTemp\AirT_Hal.h(30): warning:  #1295-D: Deprecated declaration hal_sensor_init - give arg types
  extern void hal_sensor_init();
..\STM32L4xx_HAL_Driver\Inc\stm32l4xx_hal_flash.h(832): warning:  #47-D: incompatible redefinition of macro "FLASH_SIZE"  (declared at line 940 of "D:\software\Keil\Packs\Keil\STM32L4xx_DFP\2.3.0\Drivers\CMSIS\Device\ST\STM32L4xx\Include\stm32l431xx.h")
  #define FLASH_SIZE                         ((((*((uint16_t *)FLASH_SIZE_DATA_REGISTER)) == 0xFFFF)) ? (0x400 << 10) : \
..\APP\stm32l4xx_it.c: 5 warnings, 0 errors
compiling uartprocess.c...
..\STM32L4xx_HAL_Driver\Inc\stm32l4xx_hal_flash.h(832): warning:  #47-D: incompatible redefinition of macro "FLASH_SIZE"  (declared at line 940 of "D:\software\Keil\Packs\Keil\STM32L4xx_DFP\2.3.0\Drivers\CMSIS\Device\ST\STM32L4xx\Include\stm32l431xx.h")
  #define FLASH_SIZE                         ((((*((uint16_t *)FLASH_SIZE_DATA_REGISTER)) == 0xFFFF)) ? (0x400 << 10) : \
..\APP\sensor\sensor_process.h(15): warning:  #1295-D: Deprecated declaration autosend - give arg types
  void autosend();
..\APP\sensor\sensor_process.h(18): warning:  #1295-D: Deprecated declaration Self_test - give arg types
  void Self_test();
..\APP\sensor\5_airTemp\AirT_Sensor.h(88): warning:  #1295-D: Deprecated declaration Init_sys_cfg - give arg types
  void Init_sys_cfg();
..\APP\sensor\5_airTemp\AirT_Hal.h(30): warning:  #1295-D: Deprecated declaration hal_sensor_init - give arg types
  extern void hal_sensor_init();
..\APP\product\uartprocess.c: 5 warnings, 0 errors
compiling sensor_process.c...
..\STM32L4xx_HAL_Driver\Inc\stm32l4xx_hal_flash.h(832): warning:  #47-D: incompatible redefinition of macro "FLASH_SIZE"  (declared at line 940 of "D:\software\Keil\Packs\Keil\STM32L4xx_DFP\2.3.0\Drivers\CMSIS\Device\ST\STM32L4xx\Include\stm32l431xx.h")
  #define FLASH_SIZE                         ((((*((uint16_t *)FLASH_SIZE_DATA_REGISTER)) == 0xFFFF)) ? (0x400 << 10) : \
..\APP\sensor\sensor_process.h(15): warning:  #1295-D: Deprecated declaration autosend - give arg types
  void autosend();
..\APP\sensor\sensor_process.h(18): warning:  #1295-D: Deprecated declaration Self_test - give arg types
  void Self_test();
..\APP\sensor\5_airTemp\AirT_Sensor.h(88): warning:  #1295-D: Deprecated declaration Init_sys_cfg - give arg types
  void Init_sys_cfg();
..\APP\sensor\5_airTemp\AirT_Hal.h(30): warning:  #1295-D: Deprecated declaration hal_sensor_init - give arg types
  extern void hal_sensor_init();
..\APP\sensor\sensor_process.c(64): warning:  #223-D: function "DS3231_ReadTime" declared implicitly
                  if(DS3231_ReadTime(&time_struct_hardrtc_temp)==1)  //时间校验正确才给软时钟校时
..\APP\sensor\sensor_process.c: 6 warnings, 0 errors
compiling command.c...
..\STM32L4xx_HAL_Driver\Inc\stm32l4xx_hal_flash.h(832): warning:  #47-D: incompatible redefinition of macro "FLASH_SIZE"  (declared at line 940 of "D:\software\Keil\Packs\Keil\STM32L4xx_DFP\2.3.0\Drivers\CMSIS\Device\ST\STM32L4xx\Include\stm32l431xx.h")
  #define FLASH_SIZE                         ((((*((uint16_t *)FLASH_SIZE_DATA_REGISTER)) == 0xFFFF)) ? (0x400 << 10) : \
..\APP\sensor\sensor_process.h(15): warning:  #1295-D: Deprecated declaration autosend - give arg types
  void autosend();
..\APP\sensor\sensor_process.h(18): warning:  #1295-D: Deprecated declaration Self_test - give arg types
  void Self_test();
..\APP\sensor\5_airTemp\AirT_Sensor.h(88): warning:  #1295-D: Deprecated declaration Init_sys_cfg - give arg types
  void Init_sys_cfg();
..\APP\sensor\5_airTemp\AirT_Hal.h(30): warning:  #1295-D: Deprecated declaration hal_sensor_init - give arg types
  extern void hal_sensor_init();
..\APP\product\command.c(3534): warning:  #1035-D: single-precision operand implicitly converted to double-precision
  		        temp_qs->change = bcm_info.sensor.qs[temp_num - 1].change * 0.750062;
..\APP\product\command.c(3535): warning:  #1035-D: single-precision operand implicitly converted to double-precision
  		        temp_qs->max    = bcm_info.sensor.qs[temp_num - 1].max    * 0.750062;
..\APP\product\command.c(3536): warning:  #1035-D: single-precision operand implicitly converted to double-precision
  		        temp_qs->min    = bcm_info.sensor.qs[temp_num - 1].min    * 0.750062;
..\APP\product\command.c(3540): warning:  #1035-D: single-precision operand implicitly converted to double-precision
                  temp_qs->change = bcm_info.sensor.qs[temp_num - 1].change * 0.029530;
..\APP\product\command.c(3541): warning:  #1035-D: single-precision operand implicitly converted to double-precision
                  temp_qs->max    = bcm_info.sensor.qs[temp_num - 1].max    * 0.029530;
..\APP\product\command.c(3542): warning:  #1035-D: single-precision operand implicitly converted to double-precision
                  temp_qs->min    = bcm_info.sensor.qs[temp_num - 1].min    * 0.029530;
..\APP\product\command.c(3691): warning:  #1035-D: single-precision operand implicitly converted to double-precision
                      if(temp_min < 75.0076)          {goto err;}
..\APP\product\command.c(3692): warning:  #1035-D: single-precision operand implicitly converted to double-precision
                      if(temp_max > 1125.093)         {goto err;}
..\APP\product\command.c(3697): warning:  #1035-D: single-precision operand implicitly converted to double-precision
                      temp_qs->min    = temp_min / 0.750062;
..\APP\product\command.c(3698): warning:  #1035-D: single-precision operand implicitly converted to double-precision
                      temp_qs->max    = temp_max / 0.750062;
..\APP\product\command.c(3703): warning:  #1035-D: single-precision operand implicitly converted to double-precision
                      if(temp_min < 2.953)          {goto err;}
..\APP\product\command.c(3704): warning:  #1035-D: single-precision operand implicitly converted to double-precision
                      if(temp_max > 44.295)         {goto err;}
..\APP\product\command.c(3709): warning:  #1035-D: single-precision operand implicitly converted to double-precision
                      temp_qs->min    = temp_min / 0.029530;
..\APP\product\command.c(3710): warning:  #1035-D: single-precision operand implicitly converted to double-precision
                      temp_qs->max    = temp_max / 0.029530;
..\APP\product\command.c: 19 warnings, 0 errors
compiling AirT_Hal.c...
..\STM32L4xx_HAL_Driver\Inc\stm32l4xx_hal_flash.h(832): warning:  #47-D: incompatible redefinition of macro "FLASH_SIZE"  (declared at line 940 of "D:\software\Keil\Packs\Keil\STM32L4xx_DFP\2.3.0\Drivers\CMSIS\Device\ST\STM32L4xx\Include\stm32l431xx.h")
  #define FLASH_SIZE                         ((((*((uint16_t *)FLASH_SIZE_DATA_REGISTER)) == 0xFFFF)) ? (0x400 << 10) : \
..\APP\sensor\sensor_process.h(15): warning:  #1295-D: Deprecated declaration autosend - give arg types
  void autosend();
..\APP\sensor\sensor_process.h(18): warning:  #1295-D: Deprecated declaration Self_test - give arg types
  void Self_test();
..\APP\sensor\5_airTemp\AirT_Sensor.h(88): warning:  #1295-D: Deprecated declaration Init_sys_cfg - give arg types
  void Init_sys_cfg();
..\APP\sensor\5_airTemp\AirT_Hal.h(30): warning:  #1295-D: Deprecated declaration hal_sensor_init - give arg types
  extern void hal_sensor_init();
..\APP\sensor\5_airTemp\AirT_Hal.c(102): warning:  #223-D: function "Check_read_finish" declared implicitly
      if(Check_read_finish(AD7792_STAT_FIN, 50))
..\APP\sensor\5_airTemp\AirT_Hal.c(102): error:  #18: expected a ")"
      if(Check_read_finish(AD7792_STAT_FIN, 50))
..\APP\sensor\5_airTemp\AirT_Hal.c(124): warning:  #223-D: function "Check_read_finish" declared implicitly
      if(Check_read_finish(AD7792_STAT_NRDY, 50))
..\APP\sensor\5_airTemp\AirT_Hal.c(135): error:  #18: expected a ")"
          if(Check_read_finish(AD7792_STAT_FIN, 50))
..\APP\sensor\5_airTemp\AirT_Hal.c(164): warning:  #1035-D: single-precision operand implicitly converted to double-precision
              fp32_1 = (((float)result_0) * STD_R_VALUE) / result_1;
..\APP\sensor\5_airTemp\AirT_Hal.c(98): warning:  #177-D: variable "count"  was declared but never referenced
      uint8 count = 50, readAD[2], readSTAT = 0;
..\APP\sensor\5_airTemp\AirT_Hal.c(98): warning:  #177-D: variable "readSTAT"  was declared but never referenced
      uint8 count = 50, readAD[2], readSTAT = 0;
..\APP\sensor\5_airTemp\AirT_Hal.c(202): error:  #159: declaration is incompatible with previous "Check_read_finish"  (declared at line 102)
  uint8 Check_read_finish(uint8 state, uint32 timeout)
..\APP\sensor\5_airTemp\AirT_Hal.c: 10 warnings, 3 errors
compiling sensor_basic.c...
..\STM32L4xx_HAL_Driver\Inc\stm32l4xx_hal_flash.h(832): warning:  #47-D: incompatible redefinition of macro "FLASH_SIZE"  (declared at line 940 of "D:\software\Keil\Packs\Keil\STM32L4xx_DFP\2.3.0\Drivers\CMSIS\Device\ST\STM32L4xx\Include\stm32l431xx.h")
  #define FLASH_SIZE                         ((((*((uint16_t *)FLASH_SIZE_DATA_REGISTER)) == 0xFFFF)) ? (0x400 << 10) : \
..\APP\sensor\sensor_process.h(15): warning:  #1295-D: Deprecated declaration autosend - give arg types
  void autosend();
..\APP\sensor\sensor_process.h(18): warning:  #1295-D: Deprecated declaration Self_test - give arg types
  void Self_test();
..\APP\sensor\5_airTemp\AirT_Sensor.h(88): warning:  #1295-D: Deprecated declaration Init_sys_cfg - give arg types
  void Init_sys_cfg();
..\APP\sensor\5_airTemp\AirT_Hal.h(30): warning:  #1295-D: Deprecated declaration hal_sensor_init - give arg types
  extern void hal_sensor_init();
..\APP\sensor\sensor_basic.c(52): warning:  #223-D: function "DS3231_ReadTemperature" declared implicitly
          if(DS3231_ReadTemperature(&value) == 1)
..\APP\sensor\sensor_basic.c(75): warning:  #223-D: function "Start_ADC" declared implicitly
          Start_ADC(0);
..\APP\sensor\sensor_basic.c(76): warning:  #223-D: function "Check_ADC" declared implicitly
          if(Check_ADC(&buffer))
..\APP\sensor\sensor_basic.c(87): warning:  #1035-D: single-precision operand implicitly converted to double-precision
          fp_1 = (3.3 * (float)value) / 4096;                                     // 求出电压值
..\APP\sensor\sensor_basic.c: 9 warnings, 0 errors
compiling AirT_Sensor.c...
..\STM32L4xx_HAL_Driver\Inc\stm32l4xx_hal_flash.h(832): warning:  #47-D: incompatible redefinition of macro "FLASH_SIZE"  (declared at line 940 of "D:\software\Keil\Packs\Keil\STM32L4xx_DFP\2.3.0\Drivers\CMSIS\Device\ST\STM32L4xx\Include\stm32l431xx.h")
  #define FLASH_SIZE                         ((((*((uint16_t *)FLASH_SIZE_DATA_REGISTER)) == 0xFFFF)) ? (0x400 << 10) : \
..\APP\sensor\sensor_process.h(15): warning:  #1295-D: Deprecated declaration autosend - give arg types
  void autosend();
..\APP\sensor\sensor_process.h(18): warning:  #1295-D: Deprecated declaration Self_test - give arg types
  void Self_test();
..\APP\sensor\5_airTemp\AirT_Sensor.h(88): warning:  #1295-D: Deprecated declaration Init_sys_cfg - give arg types
  void Init_sys_cfg();
..\APP\sensor\5_airTemp\AirT_Hal.h(30): warning:  #1295-D: Deprecated declaration hal_sensor_init - give arg types
  extern void hal_sensor_init();
..\APP\sensor\5_airTemp\AirT_Sensor.c: 5 warnings, 0 errors
compiling AirT_Sample.c...
..\STM32L4xx_HAL_Driver\Inc\stm32l4xx_hal_flash.h(832): warning:  #47-D: incompatible redefinition of macro "FLASH_SIZE"  (declared at line 940 of "D:\software\Keil\Packs\Keil\STM32L4xx_DFP\2.3.0\Drivers\CMSIS\Device\ST\STM32L4xx\Include\stm32l431xx.h")
  #define FLASH_SIZE                         ((((*((uint16_t *)FLASH_SIZE_DATA_REGISTER)) == 0xFFFF)) ? (0x400 << 10) : \
..\APP\sensor\sensor_process.h(15): warning:  #1295-D: Deprecated declaration autosend - give arg types
  void autosend();
..\APP\sensor\sensor_process.h(18): warning:  #1295-D: Deprecated declaration Self_test - give arg types
  void Self_test();
..\APP\sensor\5_airTemp\AirT_Sensor.h(88): warning:  #1295-D: Deprecated declaration Init_sys_cfg - give arg types
  void Init_sys_cfg();
..\APP\sensor\5_airTemp\AirT_Hal.h(30): warning:  #1295-D: Deprecated declaration hal_sensor_init - give arg types
  extern void hal_sensor_init();
..\APP\sensor\5_airTemp\AirT_Sample.c(301): warning:  #177-D: variable "j"  was declared but never referenced
    unsigned char i = 0, j = 0, count = 0;
..\APP\sensor\5_airTemp\AirT_Sample.c: 6 warnings, 0 errors
"STM32L476G-Discovery\STM32L476G-Discovery.axf" - 3 Error(s), 251 Warning(s).

<h2>Software Packages used:</h2>

Package Vendor: ARM
                http://www.keil.com/pack/ARM.CMSIS.5.7.0.pack
                ARM.CMSIS.5.7.0
                CMSIS (Cortex Microcontroller Software Interface Standard)
   * Component: CORE Version: 5.4.0

Package Vendor: Keil
                https://www.keil.com/pack/Keil.STM32L4xx_DFP.2.3.0.pack
                Keil.STM32L4xx_DFP.2.3.0
                STMicroelectronics STM32L4 Series Device Support, Drivers and Examples

<h2>Collection of Component include folders:</h2>
  .\RTE\_STM32L476G-Discovery
  D:\software\Keil\Packs\ARM\CMSIS\5.7.0\CMSIS\Core\Include
  D:\software\Keil\Packs\Keil\STM32L4xx_DFP\2.3.0\Drivers\CMSIS\Device\ST\STM32L4xx\Include

<h2>Collection of Component Files used:</h2>

   * Component: ARM::CMSIS:CORE:5.4.0
Target not created.
Build Time Elapsed:  00:01:20
</pre>
</body>
</html>
